<?xml version="1.0" encoding="UTF-8"?>
<testsuite xmlns:xsi="http://www.w3.org/2001/XMLSchema-instance" xsi:noNamespaceSchemaLocation="https://maven.apache.org/surefire/maven-surefire-plugin/xsd/surefire-test-report.xsd" name="com.telefonica.eof.ShakaElegibleoffersFiApplicationTests" time="11.905" tests="11" errors="4" skipped="0" failures="0">
  <properties>
[...]
</properties>
  <testcase name="SvaOfferingRepositoryTest" classname="com.telefonica.eof.ShakaElegibleoffersFiApplicationTests" time="3.373"/>
  <testcase name="PricePropertyRepositoryTest" classname="com.telefonica.eof.ShakaElegibleoffersFiApplicationTests" time="0.065"/>
  <testcase name="RelationOffersXPlanRepositoryTest" classname="com.telefonica.eof.ShakaElegibleoffersFiApplicationTests" time="0.134">
    <error message="Incorrect result size: expected 1, actual 0" type="org.springframework.dao.EmptyResultDataAccessException">org.springframework.dao.EmptyResultDataAccessException: Incorrect result size: expected 1, actual 0
	at com.telefonica.eof.ShakaElegibleoffersFiApplicationTests.RelationOffersXPlanRepositoryTest(ShakaElegibleoffersFiApplicationTests.java:86)
</error>
    <system-out><![CDATA[2020-07-20 21:02:45.433 DEBUG 18156 --- [           main] o.s.jdbc.core.JdbcTemplate               : Executing prepared SQL query
2020-07-20 21:02:45.433 DEBUG 18156 --- [           main] o.s.jdbc.core.JdbcTemplate               : Executing prepared SQL statement [select rop.PLAN_CID from  RELATION_OFFERS_X_PLAN rop inner join RELATIONS_MASTER rm on  rop.RELATION_ID= rm.RELATION_ID inner join PROPERTY_IN_BILLING_OFFER pibo on rm.CHILD_ID  =  pibo.CID_BO where rop.OFFER_ID = ? and rm.PARENT_ID = '3196251' and rm.CHILD_IS = 'PP' and rm.IS_MANDATORY = '1' and pibo.PROPERTY_NAME = 'Plan BO Indicator' and pibo.PROPERTY_VALUE = 'Y']
2020-07-20 21:02:45.433 TRACE 18156 --- [           main] o.s.jdbc.core.StatementCreatorUtils      : Setting SQL statement parameter value: column index 1, parameter value [34459665], value class [java.lang.String], SQL type unknown
]]></system-out>
  </testcase>
  <testcase name="MasterOfOffersRepositoryTest" classname="com.telefonica.eof.ShakaElegibleoffersFiApplicationTests" time="0.024"/>
  <testcase name="RelationMasterRepositoryTest" classname="com.telefonica.eof.ShakaElegibleoffersFiApplicationTests" time="0.058">
    <error message="String index out of range: -1" type="java.lang.StringIndexOutOfBoundsException">java.lang.StringIndexOutOfBoundsException: String index out of range: -1
	at com.telefonica.eof.ShakaElegibleoffersFiApplicationTests.RelationMasterRepositoryTest(ShakaElegibleoffersFiApplicationTests.java:104)
</error>
    <system-out><![CDATA[2020-07-20 21:02:45.593 DEBUG 18156 --- [           main] o.s.jdbc.core.JdbcTemplate               : Executing prepared SQL query
2020-07-20 21:02:45.594 DEBUG 18156 --- [           main] o.s.jdbc.core.JdbcTemplate               : Executing prepared SQL statement [select DISTINCT pibo.CID_BO, rm.CHILD_ID, bom.CAPTION_BO, rm.NAME_CHILD, rm.PARENT_ID, rm.NAME_PARENT from RELATIONS_MASTER rm inner join BILLING_OFFER_MASTER bom on rm.CHILD_ID = bom.CID_BO inner join PROPERTY_IN_BILLING_OFFER pibo on rm.CHILD_ID  = pibo.CID_BO WHERE rm.ROOT_CID = ? AND rm.PARENT_ID = ? AND rm.CHILD_IS = 'PP' AND rm.default_quantity = 0 AND rm.minimum_quantity = 0 AND rm.maximum_quantity > 0 AND pibo.PROPERTY_NAME = 'Salesenddate' AND ( TO_DATE(SUBSTR(pibo.PROPERTY_VALUE,1,10), 'YYYY-MM-DD' ) >= CURRENT_DATE or pibo.PROPERTY_VALUE is null)]
2020-07-20 21:02:45.594 TRACE 18156 --- [           main] o.s.jdbc.core.StatementCreatorUtils      : Setting SQL statement parameter value: column index 1, parameter value [34459665], value class [java.lang.String], SQL type unknown
2020-07-20 21:02:45.594 TRACE 18156 --- [           main] o.s.jdbc.core.StatementCreatorUtils      : Setting SQL statement parameter value: column index 2, parameter value [3196671], value class [java.lang.String], SQL type unknown
[]
]]></system-out>
  </testcase>
  <testcase name="BillingOfferMasterRepositoryTest" classname="com.telefonica.eof.ShakaElegibleoffersFiApplicationTests" time="0.027"/>
  <testcase name="VasBenefitsRepositoryTest" classname="com.telefonica.eof.ShakaElegibleoffersFiApplicationTests" time="0.136"/>
  <testcase name="OffersPropertiesRepositoryTest" classname="com.telefonica.eof.ShakaElegibleoffersFiApplicationTests" time="0.027">
    <error message="Failed to instantiate [com.telefonica.eof.entity.OffersProperties]: No default constructor found; nested exception is java.lang.NoSuchMethodException: com.telefonica.eof.entity.OffersProperties.&lt;init&gt;()" type="org.springframework.beans.BeanInstantiationException"><![CDATA[org.springframework.beans.BeanInstantiationException: Failed to instantiate [com.telefonica.eof.entity.OffersProperties]: No default constructor found; nested exception is java.lang.NoSuchMethodException: com.telefonica.eof.entity.OffersProperties.<init>()
	at com.telefonica.eof.ShakaElegibleoffersFiApplicationTests.OffersPropertiesRepositoryTest(ShakaElegibleoffersFiApplicationTests.java:68)
Caused by: java.lang.NoSuchMethodException: com.telefonica.eof.entity.OffersProperties.<init>()
	at com.telefonica.eof.ShakaElegibleoffersFiApplicationTests.OffersPropertiesRepositoryTest(ShakaElegibleoffersFiApplicationTests.java:68)
]]></error>
    <system-out><![CDATA[2020-07-20 21:02:45.819 DEBUG 18156 --- [           main] o.s.jdbc.core.JdbcTemplate               : Executing prepared SQL query
2020-07-20 21:02:45.819 DEBUG 18156 --- [           main] o.s.jdbc.core.JdbcTemplate               : Executing prepared SQL statement [select PROPERTY_VALUE, NAME_OF_PROPERTY from OFFERS_PROPERTIES where OFFER_CID = ?and NAME_OF_PROPERTY in ('LOB Type', 'Retention') ]
2020-07-20 21:02:45.819 TRACE 18156 --- [           main] o.s.jdbc.core.StatementCreatorUtils      : Setting SQL statement parameter value: column index 1, parameter value [34459665], value class [java.lang.String], SQL type unknown
]]></system-out>
  </testcase>
  <testcase name="RemoverDatosRepetidosPruebaTest" classname="com.telefonica.eof.ShakaElegibleoffersFiApplicationTests" time="0.005"/>
  <testcase name="ComponentsMasterRepositoryTest" classname="com.telefonica.eof.ShakaElegibleoffersFiApplicationTests" time="0.023"/>
  <testcase name="GetAditionalComponentTest" classname="com.telefonica.eof.ShakaElegibleoffersFiApplicationTests" time="0.034">
    <error message="Failed to instantiate [com.telefonica.eof.entity.OffersProperties]: No default constructor found; nested exception is java.lang.NoSuchMethodException: com.telefonica.eof.entity.OffersProperties.&lt;init&gt;()" type="org.springframework.beans.BeanInstantiationException"><![CDATA[org.springframework.beans.BeanInstantiationException: Failed to instantiate [com.telefonica.eof.entity.OffersProperties]: No default constructor found; nested exception is java.lang.NoSuchMethodException: com.telefonica.eof.entity.OffersProperties.<init>()
	at com.telefonica.eof.ShakaElegibleoffersFiApplicationTests.GetAditionalComponentTest(ShakaElegibleoffersFiApplicationTests.java:162)
Caused by: java.lang.NoSuchMethodException: com.telefonica.eof.entity.OffersProperties.<init>()
	at com.telefonica.eof.ShakaElegibleoffersFiApplicationTests.GetAditionalComponentTest(ShakaElegibleoffersFiApplicationTests.java:162)
]]></error>
    <system-out><![CDATA[2020-07-20 21:02:45.871 DEBUG 18156 --- [           main] o.s.jdbc.core.JdbcTemplate               : Executing prepared SQL query
2020-07-20 21:02:45.871 DEBUG 18156 --- [           main] o.s.jdbc.core.JdbcTemplate               : Executing prepared SQL statement [select OFFER_CAPTION from MASTER_OF_OFFERS where OFFER_CID = ? ]
2020-07-20 21:02:45.871 TRACE 18156 --- [           main] o.s.jdbc.core.StatementCreatorUtils      : Setting SQL statement parameter value: column index 1, parameter value [34459665], value class [java.lang.String], SQL type unknown
2020-07-20 21:02:45.885 DEBUG 18156 --- [           main] o.s.jdbc.core.JdbcTemplate               : Executing prepared SQL query
2020-07-20 21:02:45.885 DEBUG 18156 --- [           main] o.s.jdbc.core.JdbcTemplate               : Executing prepared SQL statement [select PROPERTY_VALUE, NAME_OF_PROPERTY from OFFERS_PROPERTIES where OFFER_CID = ?and NAME_OF_PROPERTY in ('LOB Type', 'Retention') ]
2020-07-20 21:02:45.886 TRACE 18156 --- [           main] o.s.jdbc.core.StatementCreatorUtils      : Setting SQL statement parameter value: column index 1, parameter value [34459665], value class [java.lang.String], SQL type unknown
]]></system-out>
  </testcase>
</testsuite>